{
  "Cucumber Features": {
    "coverage": {
      "/workspace/sweng-project-SlavLuk/app/models/city.rb": {
        "lines": [
          1,
          1,
          null,
          1,
          1,
          null,
          null,
          1,
          null,
          1,
          null,
          null,
          null,
          null
        ]
      },
      "/workspace/sweng-project-SlavLuk/app/controllers/cities_controller.rb": {
        "lines": [
          1,
          1,
          null,
          1,
          null,
          1,
          null,
          1,
          null,
          null,
          null,
          null,
          1,
          null,
          5,
          null,
          5,
          null,
          1,
          null,
          null,
          null,
          4,
          null,
          null,
          null,
          null,
          null,
          null,
          1,
          null,
          2,
          null,
          null,
          null,
          null,
          null,
          1,
          null,
          null,
          null,
          null,
          null,
          null,
          null,
          1,
          null,
          null,
          null,
          null,
          2,
          0,
          null,
          null,
          null,
          2,
          null,
          2,
          null,
          2,
          null,
          null,
          2,
          null,
          null,
          1,
          null,
          1,
          null,
          1,
          null,
          1,
          null,
          1,
          null,
          null,
          null,
          null,
          null,
          null,
          1,
          null,
          1,
          null,
          1,
          null,
          1,
          null,
          1,
          null,
          null,
          null,
          null,
          1,
          null,
          1,
          null,
          null,
          null,
          null,
          1,
          null,
          0,
          0,
          0,
          0,
          null,
          null,
          1,
          null,
          1,
          null,
          null,
          null,
          null,
          null,
          1,
          9,
          null,
          null,
          1,
          6,
          null,
          null,
          null
        ]
      },
      "/workspace/sweng-project-SlavLuk/app/controllers/application_controller.rb": {
        "lines": [
          1,
          null,
          null,
          1,
          null
        ]
      },
      "/workspace/sweng-project-SlavLuk/app/helpers/application_helper.rb": {
        "lines": [
          1,
          null
        ]
      },
      "/workspace/sweng-project-SlavLuk/app/helpers/home_helper.rb": {
        "lines": [
          1,
          null
        ]
      },
      "/workspace/sweng-project-SlavLuk/app/models/country.rb": {
        "lines": [
          1,
          null,
          1,
          null,
          1,
          11,
          null,
          null,
          null,
          null
        ]
      },
      "/workspace/sweng-project-SlavLuk/app/controllers/home_controller.rb": {
        "lines": [
          0,
          0,
          0,
          0
        ],
        "branches": {
        }
      }
    },
    "timestamp": 1590198189
  },
  "RSpec": {
    "coverage": {
      "/workspace/sweng-project-SlavLuk/app/helpers/application_helper.rb": {
        "lines": [
          1,
          null
        ]
      },
      "/workspace/sweng-project-SlavLuk/app/helpers/home_helper.rb": {
        "lines": [
          1,
          null
        ]
      },
      "/workspace/sweng-project-SlavLuk/app/models/city.rb": {
        "lines": [
          1,
          1,
          null,
          1,
          1,
          null,
          null,
          1,
          null,
          0,
          null,
          null,
          null,
          null
        ]
      },
      "/workspace/sweng-project-SlavLuk/app/models/country.rb": {
        "lines": [
          1,
          null,
          1,
          null,
          1,
          0,
          null,
          null,
          null,
          null
        ]
      },
      "/workspace/sweng-project-SlavLuk/app/controllers/cities_controller.rb": {
        "lines": [
          0,
          0,
          null,
          0,
          null,
          0,
          null,
          0,
          null,
          0,
          null,
          null,
          0,
          null,
          0,
          null,
          0,
          null,
          0,
          null,
          0,
          null,
          0,
          null,
          0,
          null,
          0,
          null,
          null,
          0,
          null,
          0,
          null,
          null,
          null,
          null,
          null,
          0,
          null,
          null,
          0,
          null,
          null,
          null,
          0,
          null,
          null,
          null,
          0,
          null,
          0,
          null,
          null,
          0,
          0,
          0,
          null,
          null,
          0,
          null,
          0,
          null,
          0,
          0,
          null,
          0,
          0,
          null,
          0,
          null,
          0,
          null,
          0,
          null,
          0,
          null,
          0,
          null,
          0,
          null,
          0,
          null,
          null,
          0,
          null,
          0,
          null,
          0,
          null,
          0,
          null,
          0,
          0,
          null,
          null,
          null,
          0,
          null,
          0,
          null,
          0,
          null,
          null,
          0,
          null,
          0,
          0,
          0,
          0,
          0,
          null,
          0,
          null,
          0,
          null,
          null,
          0,
          null,
          null,
          0,
          0,
          0,
          null,
          0,
          0,
          0,
          null,
          0
        ],
        "branches": {
        }
      },
      "/workspace/sweng-project-SlavLuk/app/controllers/home_controller.rb": {
        "lines": [
          0,
          0,
          0,
          0
        ],
        "branches": {
        }
      },
      "/workspace/sweng-project-SlavLuk/app/controllers/application_controller.rb": {
        "lines": [
          0,
          null,
          null,
          0,
          0
        ],
        "branches": {
        }
      }
    },
    "timestamp": 1590187810
  }
}
